<?xml version="1.0" encoding="UTF-8"?>
<testng-results ignored="0" total="1" passed="1" failed="0" skipped="0">
  <reporter-output>
  </reporter-output>
  <suite started-at="2023-10-21T12:22:44Z" name="Default suite" finished-at="2023-10-21T12:22:45Z" duration-ms="387">
    <groups>
    </groups>
    <test started-at="2023-10-21T12:22:44Z" name="Default test" finished-at="2023-10-21T12:22:45Z" duration-ms="387">
      <class name="WebEleMethods.textbox_exe">
        <test-method is-config="true" signature="setting()[pri:0, instance:WebEleMethods.textbox_exe@7494f96a]" started-at="2023-10-21T17:52:36Z" name="setting" finished-at="2023-10-21T17:52:44Z" duration-ms="8052" status="PASS">
          <reporter-output>
          </reporter-output>
        </test-method> <!-- setting -->
        <test-method signature="gender_op()[pri:2, instance:WebEleMethods.textbox_exe@7494f96a]" started-at="2023-10-21T17:52:44Z" name="gender_op" finished-at="2023-10-21T17:52:45Z" duration-ms="337" status="PASS">
          <reporter-output>
          </reporter-output>
        </test-method> <!-- gender_op -->
      </class> <!-- WebEleMethods.textbox_exe -->
    </test> <!-- Default test -->
  </suite> <!-- Default suite -->
</testng-results>
